2023-09-20T13:37:33.849+02:00  INFO 7956 --- [main] t.g.G240123MBeLesson331082023Application : Starting G240123MBeLesson331082023Application using Java 20.0.1 with PID 7956 (C:\java\repositories\lesson3\target\classes started by nadze in C:\java\repositories\lesson3)
2023-09-20T13:37:33.858+02:00  INFO 7956 --- [main] t.g.G240123MBeLesson331082023Application : No active profile set, falling back to 1 default profile: "default"
2023-09-20T13:37:35.002+02:00  INFO 7956 --- [main] .s.d.r.c.RepositoryConfigurationDelegate : Bootstrapping Spring Data JPA repositories in DEFAULT mode.
2023-09-20T13:37:35.100+02:00  INFO 7956 --- [main] .s.d.r.c.RepositoryConfigurationDelegate : Finished Spring Data repository scanning in 83 ms. Found 4 JPA repository interfaces.
2023-09-20T13:37:36.295+02:00  INFO 7956 --- [main] o.s.b.w.embedded.tomcat.TomcatWebServer  : Tomcat initialized with port(s): 8080 (http)
2023-09-20T13:37:36.312+02:00  INFO 7956 --- [main] o.apache.catalina.core.StandardService   : Starting service [Tomcat]
2023-09-20T13:37:36.313+02:00  INFO 7956 --- [main] o.apache.catalina.core.StandardEngine    : Starting Servlet engine: [Apache Tomcat/10.1.12]
2023-09-20T13:37:36.423+02:00  INFO 7956 --- [main] o.a.c.c.C.[Tomcat].[localhost].[/]       : Initializing Spring embedded WebApplicationContext
2023-09-20T13:37:36.423+02:00  INFO 7956 --- [main] w.s.c.ServletWebServerApplicationContext : Root WebApplicationContext: initialization completed in 2477 ms
2023-09-20T13:37:36.720+02:00  INFO 7956 --- [main] o.hibernate.jpa.internal.util.LogHelper  : HHH000204: Processing PersistenceUnitInfo [name: default]
2023-09-20T13:37:36.836+02:00  INFO 7956 --- [main] org.hibernate.Version                    : HHH000412: Hibernate ORM core version 6.2.7.Final
2023-09-20T13:37:36.839+02:00  INFO 7956 --- [main] org.hibernate.cfg.Environment            : HHH000406: Using bytecode reflection optimizer
2023-09-20T13:37:37.079+02:00  INFO 7956 --- [main] o.h.b.i.BytecodeProviderInitiator        : HHH000021: Bytecode provider name : bytebuddy
2023-09-20T13:37:37.274+02:00  INFO 7956 --- [main] o.s.o.j.p.SpringPersistenceUnitInfo      : No LoadTimeWeaver setup: ignoring JPA class transformer
2023-09-20T13:37:37.304+02:00  INFO 7956 --- [main] com.zaxxer.hikari.HikariDataSource       : HikariPool-1 - Starting...
2023-09-20T13:37:37.831+02:00  INFO 7956 --- [main] com.zaxxer.hikari.pool.HikariPool        : HikariPool-1 - Added connection com.mysql.cj.jdbc.ConnectionImpl@4ad896f7
2023-09-20T13:37:37.833+02:00  INFO 7956 --- [main] com.zaxxer.hikari.HikariDataSource       : HikariPool-1 - Start completed.
2023-09-20T13:37:38.340+02:00  INFO 7956 --- [main] o.h.b.i.BytecodeProviderInitiator        : HHH000021: Bytecode provider name : bytebuddy
2023-09-20T13:37:38.994+02:00  WARN 7956 --- [main] d.t.g.domain.entity.jpa.JpaProduct       : Default constructor called: JpaProduct()
2023-09-20T13:37:39.002+02:00  WARN 7956 --- [main] d.t.g.domain.entity.jpa.JpaCustomer      : Default constructor called: JpaCustomer()
2023-09-20T13:37:39.008+02:00  WARN 7956 --- [main] d.t.g.domain.entity.jpa.JpaCart          : Default constructor called: JpaCart()
2023-09-20T13:37:39.179+02:00  INFO 7956 --- [main] o.h.e.t.j.p.i.JtaPlatformInitiator       : HHH000490: Using JtaPlatform implementation: [org.hibernate.engine.transaction.jta.platform.internal.NoJtaPlatform]
2023-09-20T13:37:39.183+02:00  INFO 7956 --- [main] j.LocalContainerEntityManagerFactoryBean : Initialized JPA EntityManagerFactory for persistence unit 'default'
2023-09-20T13:37:39.599+02:00  INFO 7956 --- [main] o.s.d.j.r.query.QueryEnhancerFactory     : Hibernate is in classpath; If applicable, HQL parser will be used.
2023-09-20T13:37:40.047+02:00  WARN 7956 --- [main] JpaBaseConfiguration$JpaWebConfiguration : spring.jpa.open-in-view is enabled by default. Therefore, database queries may be performed during view rendering. Explicitly configure spring.jpa.open-in-view to disable this warning
2023-09-20T13:37:40.556+02:00  INFO 7956 --- [main] o.s.b.w.embedded.tomcat.TomcatWebServer  : Tomcat started on port(s): 8080 (http) with context path ''
2023-09-20T13:37:40.567+02:00  INFO 7956 --- [main] t.g.G240123MBeLesson331082023Application : Started G240123MBeLesson331082023Application in 7.448 seconds (process running for 8.095)
2023-09-20T13:38:25.287+02:00  INFO 7956 --- [SpringApplicationShutdownHook] j.LocalContainerEntityManagerFactoryBean : Closing JPA EntityManagerFactory for persistence unit 'default'
2023-09-20T13:38:25.289+02:00  INFO 7956 --- [SpringApplicationShutdownHook] com.zaxxer.hikari.HikariDataSource       : HikariPool-1 - Shutdown initiated...
2023-09-20T13:38:25.300+02:00  INFO 7956 --- [SpringApplicationShutdownHook] com.zaxxer.hikari.HikariDataSource       : HikariPool-1 - Shutdown completed.
2023-09-20T13:38:48.567+02:00  INFO 20760 --- [main] t.g.G240123MBeLesson331082023Application : Starting G240123MBeLesson331082023Application using Java 20.0.1 with PID 20760 (C:\java\repositories\lesson3\target\classes started by nadze in C:\java\repositories\lesson3)
2023-09-20T13:38:48.570+02:00  INFO 20760 --- [main] t.g.G240123MBeLesson331082023Application : No active profile set, falling back to 1 default profile: "default"
2023-09-20T13:38:49.530+02:00  INFO 20760 --- [main] .s.d.r.c.RepositoryConfigurationDelegate : Bootstrapping Spring Data JPA repositories in DEFAULT mode.
2023-09-20T13:38:49.629+02:00  INFO 20760 --- [main] .s.d.r.c.RepositoryConfigurationDelegate : Finished Spring Data repository scanning in 85 ms. Found 4 JPA repository interfaces.
2023-09-20T13:38:50.847+02:00  INFO 20760 --- [main] o.s.b.w.embedded.tomcat.TomcatWebServer  : Tomcat initialized with port(s): 8080 (http)
2023-09-20T13:38:50.864+02:00  INFO 20760 --- [main] o.apache.catalina.core.StandardService   : Starting service [Tomcat]
2023-09-20T13:38:50.865+02:00  INFO 20760 --- [main] o.apache.catalina.core.StandardEngine    : Starting Servlet engine: [Apache Tomcat/10.1.12]
2023-09-20T13:38:51.025+02:00  INFO 20760 --- [main] o.a.c.c.C.[Tomcat].[localhost].[/]       : Initializing Spring embedded WebApplicationContext
2023-09-20T13:38:51.026+02:00  INFO 20760 --- [main] w.s.c.ServletWebServerApplicationContext : Root WebApplicationContext: initialization completed in 2388 ms
2023-09-20T13:38:51.362+02:00  INFO 20760 --- [main] o.hibernate.jpa.internal.util.LogHelper  : HHH000204: Processing PersistenceUnitInfo [name: default]
2023-09-20T13:38:51.465+02:00  INFO 20760 --- [main] org.hibernate.Version                    : HHH000412: Hibernate ORM core version 6.2.7.Final
2023-09-20T13:38:51.471+02:00  INFO 20760 --- [main] org.hibernate.cfg.Environment            : HHH000406: Using bytecode reflection optimizer
2023-09-20T13:38:51.766+02:00  INFO 20760 --- [main] o.h.b.i.BytecodeProviderInitiator        : HHH000021: Bytecode provider name : bytebuddy
2023-09-20T13:38:51.970+02:00  INFO 20760 --- [main] o.s.o.j.p.SpringPersistenceUnitInfo      : No LoadTimeWeaver setup: ignoring JPA class transformer
2023-09-20T13:38:52.010+02:00  INFO 20760 --- [main] com.zaxxer.hikari.HikariDataSource       : HikariPool-1 - Starting...
2023-09-20T13:38:52.630+02:00  INFO 20760 --- [main] com.zaxxer.hikari.pool.HikariPool        : HikariPool-1 - Added connection com.mysql.cj.jdbc.ConnectionImpl@37cfda1c
2023-09-20T13:38:52.633+02:00  INFO 20760 --- [main] com.zaxxer.hikari.HikariDataSource       : HikariPool-1 - Start completed.
2023-09-20T13:38:53.116+02:00  INFO 20760 --- [main] o.h.b.i.BytecodeProviderInitiator        : HHH000021: Bytecode provider name : bytebuddy
2023-09-20T13:38:53.736+02:00  WARN 20760 --- [main] d.t.g.domain.entity.jpa.JpaProduct       : Default constructor called: JpaProduct()
2023-09-20T13:38:53.745+02:00  WARN 20760 --- [main] d.t.g.domain.entity.jpa.JpaCustomer      : Default constructor called: JpaCustomer()
2023-09-20T13:38:53.749+02:00  WARN 20760 --- [main] d.t.g.domain.entity.jpa.JpaCart          : Default constructor called: JpaCart()
2023-09-20T13:38:53.910+02:00  INFO 20760 --- [main] o.h.e.t.j.p.i.JtaPlatformInitiator       : HHH000490: Using JtaPlatform implementation: [org.hibernate.engine.transaction.jta.platform.internal.NoJtaPlatform]
2023-09-20T13:38:53.913+02:00  INFO 20760 --- [main] j.LocalContainerEntityManagerFactoryBean : Initialized JPA EntityManagerFactory for persistence unit 'default'
2023-09-20T13:38:54.337+02:00  INFO 20760 --- [main] o.s.d.j.r.query.QueryEnhancerFactory     : Hibernate is in classpath; If applicable, HQL parser will be used.
2023-09-20T13:38:54.761+02:00  WARN 20760 --- [main] JpaBaseConfiguration$JpaWebConfiguration : spring.jpa.open-in-view is enabled by default. Therefore, database queries may be performed during view rendering. Explicitly configure spring.jpa.open-in-view to disable this warning
2023-09-20T13:38:55.246+02:00  INFO 20760 --- [main] o.s.b.w.embedded.tomcat.TomcatWebServer  : Tomcat started on port(s): 8080 (http) with context path ''
2023-09-20T13:38:55.259+02:00  INFO 20760 --- [main] t.g.G240123MBeLesson331082023Application : Started G240123MBeLesson331082023Application in 7.379 seconds (process running for 7.872)
2023-09-20T13:39:37.231+02:00  INFO 20760 --- [SpringApplicationShutdownHook] j.LocalContainerEntityManagerFactoryBean : Closing JPA EntityManagerFactory for persistence unit 'default'
2023-09-20T13:39:37.233+02:00  INFO 20760 --- [SpringApplicationShutdownHook] com.zaxxer.hikari.HikariDataSource       : HikariPool-1 - Shutdown initiated...
2023-09-20T13:39:37.240+02:00  INFO 20760 --- [SpringApplicationShutdownHook] com.zaxxer.hikari.HikariDataSource       : HikariPool-1 - Shutdown completed.
2023-09-20T13:42:06.424+02:00  INFO 15400 --- [main] t.g.G240123MBeLesson331082023Application : Starting G240123MBeLesson331082023Application using Java 20.0.1 with PID 15400 (C:\java\repositories\lesson3\target\classes started by nadze in C:\java\repositories\lesson3)
2023-09-20T13:42:06.427+02:00  INFO 15400 --- [main] t.g.G240123MBeLesson331082023Application : No active profile set, falling back to 1 default profile: "default"
2023-09-20T13:42:07.427+02:00  INFO 15400 --- [main] .s.d.r.c.RepositoryConfigurationDelegate : Bootstrapping Spring Data JPA repositories in DEFAULT mode.
2023-09-20T13:42:07.513+02:00  INFO 15400 --- [main] .s.d.r.c.RepositoryConfigurationDelegate : Finished Spring Data repository scanning in 73 ms. Found 4 JPA repository interfaces.
2023-09-20T13:42:08.400+02:00  INFO 15400 --- [main] o.s.b.w.embedded.tomcat.TomcatWebServer  : Tomcat initialized with port(s): 8080 (http)
2023-09-20T13:42:08.412+02:00  INFO 15400 --- [main] o.apache.catalina.core.StandardService   : Starting service [Tomcat]
2023-09-20T13:42:08.412+02:00  INFO 15400 --- [main] o.apache.catalina.core.StandardEngine    : Starting Servlet engine: [Apache Tomcat/10.1.12]
2023-09-20T13:42:08.544+02:00  INFO 15400 --- [main] o.a.c.c.C.[Tomcat].[localhost].[/]       : Initializing Spring embedded WebApplicationContext
2023-09-20T13:42:08.545+02:00  INFO 15400 --- [main] w.s.c.ServletWebServerApplicationContext : Root WebApplicationContext: initialization completed in 2044 ms
2023-09-20T13:42:08.809+02:00  INFO 15400 --- [main] o.hibernate.jpa.internal.util.LogHelper  : HHH000204: Processing PersistenceUnitInfo [name: default]
2023-09-20T13:42:08.878+02:00  INFO 15400 --- [main] org.hibernate.Version                    : HHH000412: Hibernate ORM core version 6.2.7.Final
2023-09-20T13:42:08.881+02:00  INFO 15400 --- [main] org.hibernate.cfg.Environment            : HHH000406: Using bytecode reflection optimizer
2023-09-20T13:42:09.070+02:00  INFO 15400 --- [main] o.h.b.i.BytecodeProviderInitiator        : HHH000021: Bytecode provider name : bytebuddy
2023-09-20T13:42:09.216+02:00  INFO 15400 --- [main] o.s.o.j.p.SpringPersistenceUnitInfo      : No LoadTimeWeaver setup: ignoring JPA class transformer
2023-09-20T13:42:09.233+02:00  INFO 15400 --- [main] com.zaxxer.hikari.HikariDataSource       : HikariPool-1 - Starting...
2023-09-20T13:42:09.633+02:00  INFO 15400 --- [main] com.zaxxer.hikari.pool.HikariPool        : HikariPool-1 - Added connection com.mysql.cj.jdbc.ConnectionImpl@5b3518e1
2023-09-20T13:42:09.635+02:00  INFO 15400 --- [main] com.zaxxer.hikari.HikariDataSource       : HikariPool-1 - Start completed.
2023-09-20T13:42:10.038+02:00  INFO 15400 --- [main] o.h.b.i.BytecodeProviderInitiator        : HHH000021: Bytecode provider name : bytebuddy
2023-09-20T13:42:10.625+02:00  WARN 15400 --- [main] d.t.g.domain.entity.jpa.JpaProduct       : Default constructor called: JpaProduct()
2023-09-20T13:42:10.634+02:00  WARN 15400 --- [main] d.t.g.domain.entity.jpa.JpaCustomer      : Default constructor called: JpaCustomer()
2023-09-20T13:42:10.638+02:00  WARN 15400 --- [main] d.t.g.domain.entity.jpa.JpaCart          : Default constructor called: JpaCart()
2023-09-20T13:42:10.788+02:00  INFO 15400 --- [main] o.h.e.t.j.p.i.JtaPlatformInitiator       : HHH000490: Using JtaPlatform implementation: [org.hibernate.engine.transaction.jta.platform.internal.NoJtaPlatform]
2023-09-20T13:42:10.791+02:00  INFO 15400 --- [main] j.LocalContainerEntityManagerFactoryBean : Initialized JPA EntityManagerFactory for persistence unit 'default'
2023-09-20T13:42:11.143+02:00  INFO 15400 --- [main] o.s.d.j.r.query.QueryEnhancerFactory     : Hibernate is in classpath; If applicable, HQL parser will be used.
2023-09-20T13:42:11.506+02:00  WARN 15400 --- [main] JpaBaseConfiguration$JpaWebConfiguration : spring.jpa.open-in-view is enabled by default. Therefore, database queries may be performed during view rendering. Explicitly configure spring.jpa.open-in-view to disable this warning
2023-09-20T13:42:11.913+02:00  INFO 15400 --- [main] o.s.b.w.embedded.tomcat.TomcatWebServer  : Tomcat started on port(s): 8080 (http) with context path ''
2023-09-20T13:42:11.927+02:00  INFO 15400 --- [main] t.g.G240123MBeLesson331082023Application : Started G240123MBeLesson331082023Application in 6.099 seconds (process running for 6.954)
2023-09-20T13:42:15.127+02:00  INFO 15400 --- [scheduling-1] d.t.g.schedule_layer.ScheduleExecutor    : Last added product: Coconut
2023-09-20T13:42:45.003+02:00  INFO 15400 --- [scheduling-1] d.t.g.schedule_layer.ScheduleExecutor    : Last added product: Coconut
2023-09-20T13:42:49.910+02:00  INFO 15400 --- [SpringApplicationShutdownHook] j.LocalContainerEntityManagerFactoryBean : Closing JPA EntityManagerFactory for persistence unit 'default'
2023-09-20T13:42:49.912+02:00  INFO 15400 --- [SpringApplicationShutdownHook] com.zaxxer.hikari.HikariDataSource       : HikariPool-1 - Shutdown initiated...
2023-09-20T13:42:49.920+02:00  INFO 15400 --- [SpringApplicationShutdownHook] com.zaxxer.hikari.HikariDataSource       : HikariPool-1 - Shutdown completed.
